cross val 
XGBoost model selected
R2  : 0.996 +/- (0.001)
MAE : 0.024 +/- (0.002)
MSE : 0.001 +/- (0.000)
MAE on train : 0.024  +/- (0.000): 
R2 on train : 0.996  +/- (0.000): 
validation start
MultiOutputRegressor(estimator=XGBRegressor(base_score=None, booster=None,
                                            callbacks=None,
                                            colsample_bylevel=None,
                                            colsample_bynode=None,
                                            colsample_bytree=None,
                                            early_stopping_rounds=None,
                                            enable_categorical=False,
                                            eval_metric=None,
                                            feature_types=None, gamma=None,
                                            gpu_id=None, grow_policy=None,
                                            importance_type=None,
                                            interaction_constraints=None,
                                            learning_rate=0.1, max_bin=None,
                                            max_cat_threshold=None,
                                            max_cat_to_onehot=None,
                                            max_delta_step=None, max_depth=None,
                                            max_leaves=None,
                                            min_child_weight=None, missing=nan,
                                            monotone_constraints=None,
                                            n_estimators=50, n_jobs=None,
                                            num_parallel_tree=None,
                                            predictor=None, random_state=None, ...))
on validation r2 : 0.987 
on validation mae: 0.047 
on validation mse: 0.004 
learningcurve evaluation
