000 (31297288.000.000) 2023-06-27 09:39:59 Job submitted from host: <90.147.169.224:9618?addrs=90.147.169.224-9618&alias=ettore.recas.ba.infn.it&noUDP&sock=schedd_7753_7dda>
...
001 (31297288.000.000) 2023-06-27 09:40:13 Job executing on host: <90.147.169.77:9618?addrs=90.147.169.77-9618&alias=wn-8-6-4.recas.ba.infn.it&noUDP&sock=startd_10208_6adb>
...
006 (31297288.000.000) 2023-06-27 09:40:21 Image size of job updated: 172476
	137  -  MemoryUsage of job (MB)
	139336  -  ResidentSetSize of job (KB)
...
006 (31297288.000.000) 2023-06-27 09:42:08 Image size of job updated: 1475368
	137  -  MemoryUsage of job (MB)
	139436  -  ResidentSetSize of job (KB)
...
005 (31297288.000.000) 2023-06-27 09:42:08 Job terminated.
	(1) Normal termination (return value 0)
		Usr 0 00:01:44, Sys 0 00:00:01  -  Run Remote Usage
		Usr 0 00:00:00, Sys 0 00:00:00  -  Run Local Usage
		Usr 0 00:01:44, Sys 0 00:00:01  -  Total Remote Usage
		Usr 0 00:00:00, Sys 0 00:00:00  -  Total Local Usage
	0  -  Run Bytes Sent By Job
	0  -  Run Bytes Received By Job
	0  -  Total Bytes Sent By Job
	0  -  Total Bytes Received By Job
	Partitionable Resources :    Usage  Request Allocated 
	   Cpus                 :                 1         1 
	   Disk (KB)            :        1     1024    419696 
	   Memory (MB)          :      137     4096      4096 

	Job terminated of its own accord at 2023-06-27T07:42:08Z.
...
