000 (31296573.000.000) 2023-06-26 16:55:06 Job submitted from host: <90.147.169.224:9618?addrs=90.147.169.224-9618&alias=ettore.recas.ba.infn.it&noUDP&sock=schedd_7753_7dda>
...
001 (31296573.000.000) 2023-06-26 16:55:22 Job executing on host: <90.147.169.146:9618?addrs=90.147.169.146-9618&alias=wn-7-7-4.recas.ba.infn.it&noUDP&sock=startd_3036_059e>
...
006 (31296573.000.000) 2023-06-26 16:55:31 Image size of job updated: 499468
	99  -  MemoryUsage of job (MB)
	101136  -  ResidentSetSize of job (KB)
...
006 (31296573.000.000) 2023-06-26 16:58:46 Image size of job updated: 1416976
	99  -  MemoryUsage of job (MB)
	101136  -  ResidentSetSize of job (KB)
...
005 (31296573.000.000) 2023-06-26 16:58:46 Job terminated.
	(1) Normal termination (return value 0)
		Usr 0 00:02:27, Sys 0 00:00:05  -  Run Remote Usage
		Usr 0 00:00:00, Sys 0 00:00:00  -  Run Local Usage
		Usr 0 00:02:27, Sys 0 00:00:05  -  Total Remote Usage
		Usr 0 00:00:00, Sys 0 00:00:00  -  Total Local Usage
	0  -  Run Bytes Sent By Job
	0  -  Run Bytes Received By Job
	0  -  Total Bytes Sent By Job
	0  -  Total Bytes Received By Job
	Partitionable Resources :    Usage  Request Allocated 
	   Cpus                 :     0.18        1         1 
	   Disk (KB)            :     1        1024    419696 
	   Memory (MB)          :    99        4096      4096 

	Job terminated of its own accord at 2023-06-26T14:58:46Z.
...
