000 (31297283.000.000) 2023-06-27 09:20:37 Job submitted from host: <90.147.169.224:9618?addrs=90.147.169.224-9618&alias=ettore.recas.ba.infn.it&noUDP&sock=schedd_7753_7dda>
...
001 (31297283.000.000) 2023-06-27 09:20:53 Job executing on host: <90.147.169.77:9618?addrs=90.147.169.77-9618&alias=wn-8-6-4.recas.ba.infn.it&noUDP&sock=startd_10208_6adb>
...
006 (31297283.000.000) 2023-06-27 09:21:03 Image size of job updated: 20076
	14  -  MemoryUsage of job (MB)
	13560  -  ResidentSetSize of job (KB)
...
006 (31297283.000.000) 2023-06-27 09:24:56 Image size of job updated: 1477092
	14  -  MemoryUsage of job (MB)
	13560  -  ResidentSetSize of job (KB)
...
005 (31297283.000.000) 2023-06-27 09:24:56 Job terminated.
	(1) Normal termination (return value 0)
		Usr 0 00:02:04, Sys 0 00:00:03  -  Run Remote Usage
		Usr 0 00:00:00, Sys 0 00:00:00  -  Run Local Usage
		Usr 0 00:02:04, Sys 0 00:00:03  -  Total Remote Usage
		Usr 0 00:00:00, Sys 0 00:00:00  -  Total Local Usage
	0  -  Run Bytes Sent By Job
	0  -  Run Bytes Received By Job
	0  -  Total Bytes Sent By Job
	0  -  Total Bytes Received By Job
	Partitionable Resources :    Usage  Request Allocated 
	   Cpus                 :                 1         1 
	   Disk (KB)            :        1     1024    419696 
	   Memory (MB)          :       14     4096      4096 

	Job terminated of its own accord at 2023-06-27T07:24:56Z.
...
